2021-06-10T09:46:46+00:00 CRITICAL Uncaught Error: Undefined constant "bootstrap" in C:\laragon\www\wp.xandr\wp-content\themes\redev\functions.php:143
Stack trace:
#0 C:\laragon\www\wp.xandr\wp-includes\class-wp-hook.php(292): redev_scripts('')
#1 C:\laragon\www\wp.xandr\wp-includes\class-wp-hook.php(316): WP_Hook->apply_filters(NULL, Array)
#2 C:\laragon\www\wp.xandr\wp-includes\plugin.php(484): WP_Hook->do_action(Array)
#3 C:\laragon\www\wp.xandr\wp-includes\script-loader.php(2027): do_action('wp_enqueue_scri...')
#4 C:\laragon\www\wp.xandr\wp-includes\class-wp-hook.php(292): wp_enqueue_scripts('')
#5 C:\laragon\www\wp.xandr\wp-includes\class-wp-hook.php(316): WP_Hook->apply_filters(NULL, Array)
#6 C:\laragon\www\wp.xandr\wp-includes\plugin.php(484): WP_Hook->do_action(Array)
#7 C:\laragon\www\wp.xandr\wp-includes\general-template.php(3009): do_action('wp_head')
#8 C:\laragon\www\wp.xandr\wp-content\themes\redev\header.php(20): wp_head()
#9 C:\laragon\www\wp.xandr\wp-includes\template.php(730): require_once('C:\\laragon\\www\\...')
#10 C:\laragon\www\wp.xandr\wp-includes\template.php(676): load_template('C:\\laragon\\www\\...', true, Array)
#11 C:\laragon\www\wp.xandr\wp-includes\general-template.php(48): locate_template(Array, true, true, Array)
#12 C:\laragon\www\wp.xandr\wp-content\themes\redev\front-page.php(8): get_header()
#13 C:\laragon\www\wp.xandr\wp-includes\template-loader.php(106): include('C:\\laragon\\www\\...')
#14 C:\laragon\www\wp.xandr\wp-blog-header.php(19): require_once('C:\\laragon\\www\\...')
#15 C:\laragon\www\wp.xandr\index.php(17): require('C:\\laragon\\www\\...')
#16 {main}
  thrown в C:\laragon\www\wp.xandr\wp-content\themes\redev\functions.php на строке 143

2021-06-10T11:53:10+00:00 CRITICAL Uncaught Error: Object of class WP_Post could not be converted to string in C:\laragon\www\wp.xandr\wp-content\plugins\advanced-custom-fields-pro\includes\api\api-template.php:85
Stack trace:
#0 C:\laragon\www\wp.xandr\wp-content\plugins\advanced-custom-fields-pro\includes\api\api-template.php(85): implode(', ', Array)
#1 C:\laragon\www\wp.xandr\wp-content\themes\redev\front-page.php(14): the_field('front_page_prod...', 'option')
#2 C:\laragon\www\wp.xandr\wp-includes\template-loader.php(106): include('C:\\laragon\\www\\...')
#3 C:\laragon\www\wp.xandr\wp-blog-header.php(19): require_once('C:\\laragon\\www\\...')
#4 C:\laragon\www\wp.xandr\index.php(17): require('C:\\laragon\\www\\...')
#5 {main}
  thrown в C:\laragon\www\wp.xandr\wp-content\plugins\advanced-custom-fields-pro\includes\api\api-template.php на строке 85

2021-06-10T12:47:11+00:00 CRITICAL Uncaught ArgumentCountError: var_dump() expects at least 1 argument, 0 given in C:\laragon\www\wp.xandr\wp-content\themes\redev\front-page.php:15
Stack trace:
#0 C:\laragon\www\wp.xandr\wp-content\themes\redev\front-page.php(15): var_dump()
#1 C:\laragon\www\wp.xandr\wp-includes\template-loader.php(106): include('C:\\laragon\\www\\...')
#2 C:\laragon\www\wp.xandr\wp-blog-header.php(19): require_once('C:\\laragon\\www\\...')
#3 C:\laragon\www\wp.xandr\index.php(17): require('C:\\laragon\\www\\...')
#4 {main}
  thrown в C:\laragon\www\wp.xandr\wp-content\themes\redev\front-page.php на строке 15

2021-06-10T12:47:24+00:00 CRITICAL Uncaught Error: Undefined constant "products" in C:\laragon\www\wp.xandr\wp-content\themes\redev\front-page.php:15
Stack trace:
#0 C:\laragon\www\wp.xandr\wp-includes\template-loader.php(106): include()
#1 C:\laragon\www\wp.xandr\wp-blog-header.php(19): require_once('C:\\laragon\\www\\...')
#2 C:\laragon\www\wp.xandr\index.php(17): require('C:\\laragon\\www\\...')
#3 {main}
  thrown в C:\laragon\www\wp.xandr\wp-content\themes\redev\front-page.php на строке 15

2021-06-10T12:47:31+00:00 CRITICAL syntax error, unexpected token "$" в C:\laragon\www\wp.xandr\wp-content\themes\redev\front-page.php на строке 15

2021-06-10T12:47:40+00:00 CRITICAL Uncaught Error: Cannot use object of type WP_Post as array in C:\laragon\www\wp.xandr\wp-content\themes\redev\front-page.php:24
Stack trace:
#0 C:\laragon\www\wp.xandr\wp-includes\template-loader.php(106): include()
#1 C:\laragon\www\wp.xandr\wp-blog-header.php(19): require_once('C:\\laragon\\www\\...')
#2 C:\laragon\www\wp.xandr\index.php(17): require('C:\\laragon\\www\\...')
#3 {main}
  thrown в C:\laragon\www\wp.xandr\wp-content\themes\redev\front-page.php на строке 24

2021-06-10T12:48:29+00:00 CRITICAL Uncaught Error: Cannot use object of type WP_Post as array in C:\laragon\www\wp.xandr\wp-content\themes\redev\front-page.php:24
Stack trace:
#0 C:\laragon\www\wp.xandr\wp-includes\template-loader.php(106): include()
#1 C:\laragon\www\wp.xandr\wp-blog-header.php(19): require_once('C:\\laragon\\www\\...')
#2 C:\laragon\www\wp.xandr\index.php(17): require('C:\\laragon\\www\\...')
#3 {main}
  thrown в C:\laragon\www\wp.xandr\wp-content\themes\redev\front-page.php на строке 24

2021-06-10T12:48:43+00:00 CRITICAL Uncaught Error: Cannot use object of type WP_Post as array in C:\laragon\www\wp.xandr\wp-content\themes\redev\front-page.php:24
Stack trace:
#0 C:\laragon\www\wp.xandr\wp-includes\template-loader.php(106): include()
#1 C:\laragon\www\wp.xandr\wp-blog-header.php(19): require_once('C:\\laragon\\www\\...')
#2 C:\laragon\www\wp.xandr\index.php(17): require('C:\\laragon\\www\\...')
#3 {main}
  thrown в C:\laragon\www\wp.xandr\wp-content\themes\redev\front-page.php на строке 24

2021-06-10T12:49:50+00:00 CRITICAL Uncaught Error: Undefined constant "php" in C:\laragon\www\wp.xandr\wp-content\themes\redev\front-page.php:24
Stack trace:
#0 C:\laragon\www\wp.xandr\wp-includes\template-loader.php(106): include()
#1 C:\laragon\www\wp.xandr\wp-blog-header.php(19): require_once('C:\\laragon\\www\\...')
#2 C:\laragon\www\wp.xandr\index.php(17): require('C:\\laragon\\www\\...')
#3 {main}
  thrown в C:\laragon\www\wp.xandr\wp-content\themes\redev\front-page.php на строке 24

2021-06-10T12:49:59+00:00 CRITICAL Uncaught Error: Cannot use object of type WP_Post as array in C:\laragon\www\wp.xandr\wp-content\themes\redev\front-page.php:26
Stack trace:
#0 C:\laragon\www\wp.xandr\wp-includes\template-loader.php(106): include()
#1 C:\laragon\www\wp.xandr\wp-blog-header.php(19): require_once('C:\\laragon\\www\\...')
#2 C:\laragon\www\wp.xandr\index.php(17): require('C:\\laragon\\www\\...')
#3 {main}
  thrown в C:\laragon\www\wp.xandr\wp-content\themes\redev\front-page.php на строке 26

2021-06-10T12:50:48+00:00 CRITICAL Uncaught Error: Cannot use object of type WP_Post as array in C:\laragon\www\wp.xandr\wp-content\themes\redev\front-page.php:26
Stack trace:
#0 C:\laragon\www\wp.xandr\wp-includes\template-loader.php(106): include()
#1 C:\laragon\www\wp.xandr\wp-blog-header.php(19): require_once('C:\\laragon\\www\\...')
#2 C:\laragon\www\wp.xandr\index.php(17): require('C:\\laragon\\www\\...')
#3 {main}
  thrown в C:\laragon\www\wp.xandr\wp-content\themes\redev\front-page.php на строке 26

2021-06-10T12:51:44+00:00 CRITICAL Uncaught Error: Cannot use object of type WP_Post as array in C:\laragon\www\wp.xandr\wp-content\themes\redev\front-page.php:27
Stack trace:
#0 C:\laragon\www\wp.xandr\wp-includes\template-loader.php(106): include()
#1 C:\laragon\www\wp.xandr\wp-blog-header.php(19): require_once('C:\\laragon\\www\\...')
#2 C:\laragon\www\wp.xandr\index.php(17): require('C:\\laragon\\www\\...')
#3 {main}
  thrown в C:\laragon\www\wp.xandr\wp-content\themes\redev\front-page.php на строке 27

2021-06-10T12:51:53+00:00 CRITICAL Uncaught Error: Cannot use object of type WP_Post as array in C:\laragon\www\wp.xandr\wp-content\themes\redev\front-page.php:23
Stack trace:
#0 C:\laragon\www\wp.xandr\wp-includes\template-loader.php(106): include()
#1 C:\laragon\www\wp.xandr\wp-blog-header.php(19): require_once('C:\\laragon\\www\\...')
#2 C:\laragon\www\wp.xandr\index.php(17): require('C:\\laragon\\www\\...')
#3 {main}
  thrown в C:\laragon\www\wp.xandr\wp-content\themes\redev\front-page.php на строке 23

2021-06-10T12:52:07+00:00 CRITICAL Uncaught Error: Cannot use object of type WP_Post as array in C:\laragon\www\wp.xandr\wp-content\themes\redev\front-page.php:23
Stack trace:
#0 C:\laragon\www\wp.xandr\wp-includes\template-loader.php(106): include()
#1 C:\laragon\www\wp.xandr\wp-blog-header.php(19): require_once('C:\\laragon\\www\\...')
#2 C:\laragon\www\wp.xandr\index.php(17): require('C:\\laragon\\www\\...')
#3 {main}
  thrown в C:\laragon\www\wp.xandr\wp-content\themes\redev\front-page.php на строке 23

2021-06-10T12:52:23+00:00 CRITICAL Uncaught Error: Cannot use object of type WP_Post as array in C:\laragon\www\wp.xandr\wp-content\themes\redev\front-page.php:27
Stack trace:
#0 C:\laragon\www\wp.xandr\wp-includes\template-loader.php(106): include()
#1 C:\laragon\www\wp.xandr\wp-blog-header.php(19): require_once('C:\\laragon\\www\\...')
#2 C:\laragon\www\wp.xandr\index.php(17): require('C:\\laragon\\www\\...')
#3 {main}
  thrown в C:\laragon\www\wp.xandr\wp-content\themes\redev\front-page.php на строке 27

2021-06-10T12:52:35+00:00 CRITICAL Uncaught Error: Cannot use object of type WP_Post as array in C:\laragon\www\wp.xandr\wp-content\themes\redev\front-page.php:27
Stack trace:
#0 C:\laragon\www\wp.xandr\wp-includes\template-loader.php(106): include()
#1 C:\laragon\www\wp.xandr\wp-blog-header.php(19): require_once('C:\\laragon\\www\\...')
#2 C:\laragon\www\wp.xandr\index.php(17): require('C:\\laragon\\www\\...')
#3 {main}
  thrown в C:\laragon\www\wp.xandr\wp-content\themes\redev\front-page.php на строке 27

2021-06-10T12:53:45+00:00 CRITICAL syntax error, unexpected token ";", expecting ")" в C:\laragon\www\wp.xandr\wp-content\themes\redev\front-page.php на строке 23

2021-06-10T13:06:17+00:00 CRITICAL syntax error, unexpected token "/" в C:\laragon\www\wp.xandr\wp-content\themes\redev\header.php на строке 83

2021-06-10T13:31:01+00:00 CRITICAL Uncaught Error: Call to undefined method WP_Post::get_price() in C:\laragon\www\wp.xandr\wp-content\themes\redev\front-page.php:30
Stack trace:
#0 C:\laragon\www\wp.xandr\wp-includes\template-loader.php(106): include()
#1 C:\laragon\www\wp.xandr\wp-blog-header.php(19): require_once('C:\\laragon\\www\\...')
#2 C:\laragon\www\wp.xandr\index.php(17): require('C:\\laragon\\www\\...')
#3 {main}
  thrown в C:\laragon\www\wp.xandr\wp-content\themes\redev\front-page.php на строке 30

